0 info it worked if it ends with ok
1 verbose cli [ 'node', '/usr/local/bin/npm', 'install', 'simple-statstics' ]
2 info using npm@1.4.28
3 info using node@v0.10.35
4 warn package.json is_js@0.7.1 No repository field.
5 verbose readDependencies using package.json deps
6 verbose cache add [ 'simple-statstics', null ]
7 verbose cache add name=undefined spec="simple-statstics" args=["simple-statstics",null]
8 verbose parsed url { protocol: null,
8 verbose parsed url   slashes: null,
8 verbose parsed url   auth: null,
8 verbose parsed url   host: null,
8 verbose parsed url   port: null,
8 verbose parsed url   hostname: null,
8 verbose parsed url   hash: null,
8 verbose parsed url   search: null,
8 verbose parsed url   query: null,
8 verbose parsed url   pathname: 'simple-statstics',
8 verbose parsed url   path: 'simple-statstics',
8 verbose parsed url   href: 'simple-statstics' }
9 silly lockFile 37c797e2-simple-statstics simple-statstics
10 verbose lock simple-statstics /Users/kevinhylant/.npm/37c797e2-simple-statstics.lock
11 silly lockFile 37c797e2-simple-statstics simple-statstics
12 silly lockFile 37c797e2-simple-statstics simple-statstics
13 verbose addNamed [ 'simple-statstics', '' ]
14 verbose addNamed [ null, '*' ]
15 silly lockFile 0b97a55a-simple-statstics simple-statstics@
16 verbose lock simple-statstics@ /Users/kevinhylant/.npm/0b97a55a-simple-statstics.lock
17 silly addNameRange { name: 'simple-statstics', range: '*', hasData: false }
18 verbose request where is /simple-statstics
19 verbose request registry https://registry.npmjs.org/
20 verbose request id db2958753c52705d
21 verbose url raw /simple-statstics
22 verbose url resolving [ 'https://registry.npmjs.org/', './simple-statstics' ]
23 verbose url resolved https://registry.npmjs.org/simple-statstics
24 verbose request where is https://registry.npmjs.org/simple-statstics
25 info trying registry request attempt 1 at 19:34:15
26 http GET https://registry.npmjs.org/simple-statstics
27 http 404 https://registry.npmjs.org/simple-statstics
28 verbose headers { date: 'Fri, 20 Mar 2015 23:34:16 GMT',
28 verbose headers   server: 'CouchDB/1.5.0 (Erlang OTP/R16B03)',
28 verbose headers   'content-type': 'application/json',
28 verbose headers   'cache-control': 'max-age=0',
28 verbose headers   'content-length': '51',
28 verbose headers   'accept-ranges': 'bytes',
28 verbose headers   via: '1.1 varnish',
28 verbose headers   age: '0',
28 verbose headers   'x-served-by': 'cache-jfk1025-JFK',
28 verbose headers   'x-cache': 'MISS',
28 verbose headers   'x-cache-hits': '0',
28 verbose headers   'x-timer': 'S1426894456.174536,VS0,VE21',
28 verbose headers   'keep-alive': 'timeout=10, max=50',
28 verbose headers   connection: 'Keep-Alive' }
29 silly registry.get cb [ 404,
29 silly registry.get   { date: 'Fri, 20 Mar 2015 23:34:16 GMT',
29 silly registry.get     server: 'CouchDB/1.5.0 (Erlang OTP/R16B03)',
29 silly registry.get     'content-type': 'application/json',
29 silly registry.get     'cache-control': 'max-age=0',
29 silly registry.get     'content-length': '51',
29 silly registry.get     'accept-ranges': 'bytes',
29 silly registry.get     via: '1.1 varnish',
29 silly registry.get     age: '0',
29 silly registry.get     'x-served-by': 'cache-jfk1025-JFK',
29 silly registry.get     'x-cache': 'MISS',
29 silly registry.get     'x-cache-hits': '0',
29 silly registry.get     'x-timer': 'S1426894456.174536,VS0,VE21',
29 silly registry.get     'keep-alive': 'timeout=10, max=50',
29 silly registry.get     connection: 'Keep-Alive' } ]
30 silly lockFile 0b97a55a-simple-statstics simple-statstics@
31 silly lockFile 0b97a55a-simple-statstics simple-statstics@
32 error 404 404 Not Found: simple-statstics
32 error 404
32 error 404 'simple-statstics' is not in the npm registry.
32 error 404 You should bug the author to publish it
32 error 404 It was specified as a dependency of 'MySite'
32 error 404
32 error 404 Note that you can also install from a
32 error 404 tarball, folder, or http url, or git url.
33 error System Darwin 14.1.0
34 error command "node" "/usr/local/bin/npm" "install" "simple-statstics"
35 error cwd /Users/kevinhylant/Dropbox/Development/side projects/cp_dashboard_project/classpass_fitness_dashboard
36 error node -v v0.10.35
37 error npm -v 1.4.28
38 error code E404
39 verbose exit [ 1, true ]
